build/intermediates/manifest_merge_blame_file/debug/manifest-merger-blame-debug-report.txt
1<?xml version="1.0" encoding="utf-8"?>
2<manifest xmlns:android="http://schemas.android.com/apk/res/android"
3    package="com.shiksha.nlpsample"
4    android:versionCode="1"
5    android:versionName="1.0" >
6
7    <uses-sdk
8        android:minSdkVersion="24"
8-->src/main/AndroidManifest.xml
9        android:targetSdkVersion="33" />
9-->src/main/AndroidManifest.xml
10
11    <uses-permission android:name="android.permission.ACCESS_WIFI_STATE" />
11-->[com.github.ASTITeam:poslocator:1.0.3] AndroidManifest.xml:12:5-76
11-->[com.github.ASTITeam:poslocator:1.0.3] AndroidManifest.xml:12:22-73
12    <uses-permission android:name="android.permission.CHANGE_WIFI_STATE" />
12-->[com.github.ASTITeam:poslocator:1.0.3] AndroidManifest.xml:13:5-76
12-->[com.github.ASTITeam:poslocator:1.0.3] AndroidManifest.xml:13:22-73
13    <uses-permission android:name="android.permission.READ_PHONE_STATE" />
13-->[com.github.ASTITeam:poslocator:1.0.3] AndroidManifest.xml:14:5-75
13-->[com.github.ASTITeam:poslocator:1.0.3] AndroidManifest.xml:14:22-72
14    <uses-permission android:name="android.permission.ACCESS_BACKGROUND_LOCATION" />
14-->[com.github.ASTITeam:poslocator:1.0.3] AndroidManifest.xml:15:5-85
14-->[com.github.ASTITeam:poslocator:1.0.3] AndroidManifest.xml:15:22-82
15    <uses-permission android:name="android.permission.INTERNET" />
15-->[com.github.ASTITeam:poslocator:1.0.3] AndroidManifest.xml:16:5-67
15-->[com.github.ASTITeam:poslocator:1.0.3] AndroidManifest.xml:16:22-64
16    <uses-permission android:name="android.permission.ACCESS_NETWORK_STATE" />
16-->[com.github.ASTITeam:poslocator:1.0.3] AndroidManifest.xml:17:5-79
16-->[com.github.ASTITeam:poslocator:1.0.3] AndroidManifest.xml:17:22-76
17    <uses-permission android:name="android.permission.ACCESS_COARSE_LOCATION" />
17-->[com.github.ASTITeam:poslocator:1.0.3] AndroidManifest.xml:18:5-81
17-->[com.github.ASTITeam:poslocator:1.0.3] AndroidManifest.xml:18:22-78
18    <uses-permission android:name="android.permission.ACCESS_FINE_LOCATION" />
18-->[com.github.ASTITeam:poslocator:1.0.3] AndroidManifest.xml:19:5-79
18-->[com.github.ASTITeam:poslocator:1.0.3] AndroidManifest.xml:19:22-76
19    <uses-permission android:name="android.permission.ACCESS_LOCATION_EXTRA_COMMANDS" />
19-->[com.github.ASTITeam:poslocator:1.0.3] AndroidManifest.xml:20:5-89
19-->[com.github.ASTITeam:poslocator:1.0.3] AndroidManifest.xml:20:22-86
20    <uses-permission android:name="com.google.android.gms.permission.ACTIVITY_RECOGNITION" />
20-->[com.github.ASTITeam:poslocator:1.0.3] AndroidManifest.xml:21:5-94
20-->[com.github.ASTITeam:poslocator:1.0.3] AndroidManifest.xml:21:22-91
21    <uses-permission android:name="com.google.android.providers.gsf.permission.READ_GSERVICES" />
21-->[com.github.ASTITeam:poslocator:1.0.3] AndroidManifest.xml:22:5-98
21-->[com.github.ASTITeam:poslocator:1.0.3] AndroidManifest.xml:22:22-95
22    <uses-permission android:name="com.google.android.providers.gsf.permission.WRITE_GSERVICES" />
22-->[com.github.ASTITeam:poslocator:1.0.3] AndroidManifest.xml:23:5-99
22-->[com.github.ASTITeam:poslocator:1.0.3] AndroidManifest.xml:23:22-96
23    <uses-permission android:name="android.permission.FOREGROUND_SERVICE" />
23-->[com.github.ASTITeam:poslocator:1.0.3] AndroidManifest.xml:24:5-77
23-->[com.github.ASTITeam:poslocator:1.0.3] AndroidManifest.xml:24:22-74
24
25    <uses-feature
25-->[com.github.ASTITeam:poslocator:1.0.3] AndroidManifest.xml:26:5-28:36
26        android:name="android.hardware.location.network"
26-->[com.github.ASTITeam:poslocator:1.0.3] AndroidManifest.xml:27:9-57
27        android:required="false" />
27-->[com.github.ASTITeam:poslocator:1.0.3] AndroidManifest.xml:28:9-33
28    <uses-feature
28-->[com.github.ASTITeam:poslocator:1.0.3] AndroidManifest.xml:29:5-31:36
29        android:name="android.hardware.location.gps"
29-->[com.github.ASTITeam:poslocator:1.0.3] AndroidManifest.xml:30:9-53
30        android:required="false" />
30-->[com.github.ASTITeam:poslocator:1.0.3] AndroidManifest.xml:31:9-33
31    <uses-feature
31-->[com.github.ASTITeam:poslocator:1.0.3] AndroidManifest.xml:32:5-34:36
32        android:name="android.hardware.location"
32-->[com.github.ASTITeam:poslocator:1.0.3] AndroidManifest.xml:33:9-49
33        android:required="false" />
33-->[com.github.ASTITeam:poslocator:1.0.3] AndroidManifest.xml:34:9-33
34
35    <permission
35-->[androidx.core:core:1.9.0] AndroidManifest.xml:22:5-24:47
36        android:name="com.shiksha.nlpsample.DYNAMIC_RECEIVER_NOT_EXPORTED_PERMISSION"
36-->[androidx.core:core:1.9.0] AndroidManifest.xml:23:9-81
37        android:protectionLevel="signature" />
37-->[androidx.core:core:1.9.0] AndroidManifest.xml:24:9-44
38
39    <uses-permission android:name="com.shiksha.nlpsample.DYNAMIC_RECEIVER_NOT_EXPORTED_PERMISSION" />
39-->[androidx.core:core:1.9.0] AndroidManifest.xml:26:5-97
39-->[androidx.core:core:1.9.0] AndroidManifest.xml:26:22-94
40    <!--
41 <uses-permission android:name="android.permission.INTERNET" />
42    <uses-permission android:name="android.permission.ACCESS_NETWORK_STATE" />
43    <uses-permission android:name="android.permission.ACCESS_WIFI_STATE" />
44    -->
45    <application
45-->src/main/AndroidManifest.xml:7:5-28:19
46        android:allowBackup="true"
46-->src/main/AndroidManifest.xml:8:9-35
47        android:appComponentFactory="androidx.core.app.CoreComponentFactory"
47-->[androidx.core:core:1.9.0] AndroidManifest.xml:28:18-86
48        android:dataExtractionRules="@xml/data_extraction_rules"
48-->src/main/AndroidManifest.xml:11:9-65
49        android:debuggable="true"
50        android:extractNativeLibs="false"
51        android:fullBackupContent="@xml/backup_rules"
51-->src/main/AndroidManifest.xml:12:9-54
52        android:icon="@mipmap/ic_launcher"
52-->src/main/AndroidManifest.xml:13:9-43
53        android:label="@string/app_name"
53-->src/main/AndroidManifest.xml:14:9-41
54        android:networkSecurityConfig="@xml/network_security_config"
54-->[com.github.ASTITeam:poslocator:1.0.3] AndroidManifest.xml:37:9-69
55        android:roundIcon="@mipmap/ic_launcher_round"
55-->src/main/AndroidManifest.xml:15:9-54
56        android:supportsRtl="true"
56-->src/main/AndroidManifest.xml:16:9-35
57        android:testOnly="true"
58        android:theme="@style/Theme.NLPSample"
58-->src/main/AndroidManifest.xml:17:9-47
59        android:usesCleartextTraffic="true" >
59-->src/main/AndroidManifest.xml:10:9-44
60        <activity
60-->src/main/AndroidManifest.xml:19:9-27:20
61            android:name="com.shiksha.nlpsample.MainActivity"
61-->src/main/AndroidManifest.xml:20:13-41
62            android:exported="true" >
62-->src/main/AndroidManifest.xml:21:13-36
63            <intent-filter>
63-->src/main/AndroidManifest.xml:22:13-26:29
64                <action android:name="android.intent.action.MAIN" />
64-->src/main/AndroidManifest.xml:23:17-69
64-->src/main/AndroidManifest.xml:23:25-66
65
66                <category android:name="android.intent.category.LAUNCHER" />
66-->src/main/AndroidManifest.xml:25:17-77
66-->src/main/AndroidManifest.xml:25:27-74
67            </intent-filter>
68        </activity>
69
70        <meta-data
70-->[com.github.ASTITeam:poslocator:1.0.3] AndroidManifest.xml:39:9-41:55
71            android:name="org.shiksha.nlp.API_VERSION"
71-->[com.github.ASTITeam:poslocator:1.0.3] AndroidManifest.xml:40:13-55
72            android:value="@string/nlp_api_version" />
72-->[com.github.ASTITeam:poslocator:1.0.3] AndroidManifest.xml:41:13-52
73
74        <service
74-->[com.github.ASTITeam:poslocator:1.0.3] AndroidManifest.xml:43:9-52:19
75            android:name="org.shiksha.nlp.loc.posloc.POSLocationProviderService"
75-->[com.github.ASTITeam:poslocator:1.0.3] AndroidManifest.xml:44:13-81
76            android:exported="true"
76-->[com.github.ASTITeam:poslocator:1.0.3] AndroidManifest.xml:45:13-36
77            android:foregroundServiceType="location|dataSync"
77-->[com.github.ASTITeam:poslocator:1.0.3] AndroidManifest.xml:46:13-62
78            android:label="@string/location_service"
78-->[com.github.ASTITeam:poslocator:1.0.3] AndroidManifest.xml:47:13-53
79            android:permission="android.permission.ACCESS_COARSE_LOCATION" >
79-->[com.github.ASTITeam:poslocator:1.0.3] AndroidManifest.xml:48:13-75
80            <intent-filter>
80-->[com.github.ASTITeam:poslocator:1.0.3] AndroidManifest.xml:49:13-51:29
81                <action android:name="org.microg.nlp.LOCATION_BACKEND" />
81-->[com.github.ASTITeam:poslocator:1.0.3] AndroidManifest.xml:50:17-74
81-->[com.github.ASTITeam:poslocator:1.0.3] AndroidManifest.xml:50:25-71
82            </intent-filter>
83        </service>
84
85        <provider
85-->[androidx.emoji2:emoji2:1.2.0] AndroidManifest.xml:24:9-32:20
86            android:name="androidx.startup.InitializationProvider"
86-->[androidx.emoji2:emoji2:1.2.0] AndroidManifest.xml:25:13-67
87            android:authorities="com.shiksha.nlpsample.androidx-startup"
87-->[androidx.emoji2:emoji2:1.2.0] AndroidManifest.xml:26:13-68
88            android:exported="false" >
88-->[androidx.emoji2:emoji2:1.2.0] AndroidManifest.xml:27:13-37
89            <meta-data
89-->[androidx.emoji2:emoji2:1.2.0] AndroidManifest.xml:29:13-31:52
90                android:name="androidx.emoji2.text.EmojiCompatInitializer"
90-->[androidx.emoji2:emoji2:1.2.0] AndroidManifest.xml:30:17-75
91                android:value="androidx.startup" />
91-->[androidx.emoji2:emoji2:1.2.0] AndroidManifest.xml:31:17-49
92            <meta-data
92-->[androidx.lifecycle:lifecycle-process:2.4.1] AndroidManifest.xml:31:13-33:52
93                android:name="androidx.lifecycle.ProcessLifecycleInitializer"
93-->[androidx.lifecycle:lifecycle-process:2.4.1] AndroidManifest.xml:32:17-78
94                android:value="androidx.startup" />
94-->[androidx.lifecycle:lifecycle-process:2.4.1] AndroidManifest.xml:33:17-49
95        </provider>
96    </application>
97
98</manifest>